[  0.000 Inialing grp ubsycpet
  0.00000] itlizig rop subs u
[    0.0000 Iitializnggroup subs cpuacct
[    0000000] Linux version 4.4.0-122-generic (buildd@lcy01-amd64-005) (gcc version 5.4.0 20160609 (Ubuntu 5.4.0-6ubuntu1~16.04.9) ) #146-Ubuntu SMP Mon Apr 23 15:34:04 UTC 2018 (Ubuntu 4.4.0-122.146-generic 4.4.117)
[    0.000000] Command line: BOOT_IMAGE=/boot/vmlinuz-4.4.0-122-geer rot=UUID=2565-c7d44a-2f3-d18ce0cd2 o cooltty1 cso=ttyS
  0.000000] KERNEL supported cpus:
[    0.000000]   Intel GenuineIntel
[    0.000000]   AMD AuthenticAMD
[    0.000000]   Centaur CentaurHuls
[    0.000000] x86/fpu: xstate_offset[2]:  576, xstate_sizes[2]:  256
[    0.000000] x86/fpu: Supporting XSAVE feature 0x01: 'x87 floatng oint regiser'
[    0.0000x8/fu: Suportin XSAVE fture 02'SSE giers'
  0.000000]86pu: pprtng XSAVEfetu 0x0: 'AVX registers'
[    0.000000] x86/fpu: Enabled xstate features 0x7, context size is 832 bytes, using 'standard' format.
[    0.000000] x86/fpu: Using 'lazy' FPU context switches.
[    0.000000] e820: BIOS-provided physical RAM map:
[    0.000000] BIOS-e820: [mem 0x0000000000000000-0x000000000009fbff] usable
[    0.000000] BIOS-e820: [mem 0x000000000009fc00-0x000000000009ffff] reserved
[    0.000000] BIOS-e820: [mem 0x00000000000f0000-0x00000000000fffff] reserved
[    0.000000] BIOS-e820: [mem 0x0000000000100000-0x000000007ffeffff] usable
[    0.000000] BIOS-e820: [mem 0x000000007fff0000-0x000000007fffffff] ACPI data
[    0.000000] BIOS-e820: [mem 0x00000000fec00000-0x00000000fec00fff] reserved
[    0.000000] BIOS-e820: [mem 0x00000000fee00000-0x00000000fee00fff] reserved
[    0.000000] BIOS-e820: [mem 0x00000000fffc0000-0x00000000ffffffff] reserved
[    0.000000] NX (Execute Disable) protection: active
[    0.000000] SMBIOS 2.5 present.
[    0.000000] Hypervisor detected: KVM
[    0.000000] e820: last_pfn= x7ff max_rc_pfn= 0x400000
[   00000] TRR: isbled
[    0.000000] x86/PAT: MTRRs disabled, skipping PAT initialization too.
[    0.000000] CPU MTRRs all blank - virtualized system.
[    0.000000] x86/PAT: Configuration [0-7]: WB  WT  UC- UC  WB  WT  UC- UC  
[    0.000000] found SMP MP-table at [mem 0x0009fff0-0x0009ffff] mapped at [ffff88000009fff0]
[    0.000000] Scanning 1 areas for low memory corruption
[    0.000000] RAMDISK: [mem 0x361f8000-0x370f3fff]
[    0.000000] ACPI: Early table checksum verification disabled
[    0.000000] ACPI: RSDP 0x00000000000E0000 000024 (v02BOX )
[    0.00000] ACPI: XSDTx000007F0030 00003C (v01 VBX   VBOXS 00000001 ASL  00000061)
[    0.000000] ACPI: FACP 0x000000007FFF00F0 0000F4 (v04 VBOX   VBOXFACP 00000001 ASL  00000061)
[    0.000000] ACPI: DSDT 0x000000007FFF0470 0021FF (v02 VBOX   VBOXBIOS 00000002 INT 2100528)
[    0.000000] ACPI: FCS0x000007FF020 004
[    0.000] CPI: FA 0000007F0200 000
[  0.0000] ACPI: APIC 0x00000007FF240 0000C (v02BO   VOXPI000000AS 00000061)
[    0.000000] ACPI: SSDT 0x000000007FFF02A0 0001CC (v01 VBOX   VBOXCPUT 00000002 INTL 200100528)
[    0.000000] No NUMA configuration found
[    0.000000] Faking a node at [mem 0x0000000000000000-0x000000007ffeffff]
[    0.000000] NODE_DATA(0) allocated [mem 0x7ffeb000-0x7ffeffff]
[    0.000000] kvm-clock: Using msrs 4b564d01 and 4b564d00
[    0.000000] kvm-clock: cpu 0, msr 0:ffe3001, primary cpu clo
    0.0000kvm-clock: using sched offset  31747823 cyle
   0.00000 clckource: kvm-clock: mask: 0xffffffffffffffff max_cycles: 0x1cd42e4dffb, max_idle_ns: 881590591483 ns
[    0.000000] Zone ranges:
[    0.000000]   DMA      [mem 0x0000000000001000-0x0000000000ffffff]
[    0.000000]   DMA32    [mem 0x0000000001000000-0x000000007ffeffff]
[    0.000000]   Normal   empty
[    0.000000]   Device   empty
[    0.000000] Movable zone start for each node
[    0.000000] Early memory node ranges
[    0.000000]   node   0: [mem 0x0000000000001000-0x000000000009efff]
[    0.000000]   node    0: [mem 0x0000000000100000-0x000000007ffeffff]
[    0.000000] Initmem setup node 0 [mem 0x0000000000001000-0x000000007ffeffff]
[    0.000000] ACPI: PM-Timer IO Port: 0x4008
[    0.000000] IOAPIC[0]: apic_id 2, version 32, address 0xfec00000, GSI 0-23
[    0.0000] ACI: I_SRC_VR (bu0 us_rq 0 lol_rq 2 l l)
[  000000] CP IT_SR_OR us 0 bus_rq gobal_iq 9 w level
[  0.00] UsinACI MADT) foSMconfgutin inrmaio
[    0.0000]mpboot: Allowing 2 CPUs, 0 hotplugg CPUs
[    0.000000] PM: Regier nosveemry: [mem 0x00000000-0x00000f]
[    0.000000] PM Regiser nsaveemory: [mem 0x0009f000-0x0009ffff]
[    0.000000] PM: Registered nosave memory: [mem 0x000a0000-0x000effff]
[    0.000000] PM: Registered nosave memory: [mem 0x000f0000-0x000fffff]
[    0.000000] e820: [mem 8000000xebfffff]avlale f P device
[    0.000000] Booting paravirtualized kernel on KVM
[    0.000000] clocksource: refined-jiffies: mask: 0xffffffff max_cycles: 0xffffffff, max_idle_ns: 7645519600211568 ns
[    0000] tu_percu: NR_CPUS:512 nr_cpumask_bits:512 nr_cpu_ids:2 nr_node_ids:1
[   0.000000] PERCPU: Embedded 34 pages/cpu @ffff88007fc00000 s99544 r8192 d31528 u1048576
[    0.000000] PV qspinlock hash table entries: 256 (order: 0, 4096 bytes)
[    0.000000] Built 1 zonelists in Node order, mobility grouping on.  Total pages: 515960
[    0.000000] Policy zone: MA32
[    0.000000] Kne cmman le: BOOTIME=/boot/vliuz-4.0122-neicroot=UI=966513-d34ea-82f3-d18c1e09cd12 ro console=tty1 console=ttyS0
[  000000] PID hshabe enies: 4096 (order: 3, 32768 bytes)
[    0.000000] Memory: 2029372K/2096696K available (8532K kernel code, 1313K rwdata, 3996K rodata, 1508K init, 1316K bss, 67324K reserved, 0K cma-reserved)
[    0.000000] SLUB: HWalign=64,Orer=03, inObjects=0, CPUs=2, Node1
[    0.000000]] KeneUsr page tale ilation: naed
[   0.000] Hierarchical RCU implementation.
[    0.000000] 	Build-time adjustment of leaf fanout to 64.
[    0.000000] 	RCU restricting CPUs from NR_CPUS=512 to nr_cpu_ids=2.
[    0.000000] RCU: Adjusting geometry for rcu_fanout_leaf=64, nr_cpu_ids=2
[    0.000000] NR_IRQS:33024 nr_irqs:440 16
[    0.000000] Console: colour VGA+ 80x25
[    0.000000] console [tty1] enabled
[  0.00000] console [tt0]enble
[    0.000000] tsc: Detected 2808.002 MHz processor
[    5.617856] Calibrating delay loop (skipped) preset value.. 5616.00 BogoMIPS (lpj=11232008)
[    5.619168] pid_max: default: 32768 minimum: 301
[    5.620028] API: Core revision 20150930
[    5.647494] ACPI: 2 ACPI AML tables successfully acquired and loaded
[    5.710225] Security Framework initialized
[    5.770716] Yama: becoming mindful.
[    5.833285] AppArmor: AppArmor initialized
[    5.862998] Dentry cache hash table entries: 262144 (order: 9, 2097152 bytes)
[    5.918419] Inode-cache hash table entries: 131072 (order: 8, 1048576 bytes)
[    6.043645] Mount-cache hash table entries: 4096 (order: 3, 32768 bytes)
[    6.110143] Mountpoint-cache hash table entries: 4096 (order: 3, 32768 bytes)
[    6.242290] Initializing cgroup subsys io
[    6.273792] Initializing cgroup subsys memory
[    6.293028] Initializing cgroup subsys devices
[    6.311894] Initializing cgroup subsys freezer
[    6.318723] Initializing cgroup subsys net_cls
[    6.322136] Initializing cgroup subsys perf_event
[    6.323030] Initializing cgroup subsys net_prio
[    6.378106] Initializing cgroup subsys hugetlb
[    6.415472] Initializing cgroup subsys pids
[    6.446857] CPU: Physical Processor ID: 0
[    6.464929] CPU: Processor Core ID: 0
[    6.465599] FEATURE SPEC_CTRL Not Present
[    6.467451] mce: CPU supports 0 MCE banks
[    6.510246] Last level iTLB entries: 4KB 64, 2MB 8, 4MB 8
[    6.575991] Last level dTLB entries: 4KB 64, 2MB 0, 4MB 0, 1GB 4
[    6.657846] Spectre V2 mitigation: Mitigation: Full generic retpoline
[    6.687238] Spectre V2 mitigation: Speculation control IBPB not-supported IBRS not-supported
[    6.826906] Spectre V2 mitigation: Filling RSB on context switch
[    6.893737] Freeing SMP alternatives memory: 32K
[    6.937869] ftrace: allocating 32202 entries in 126 pages
[    7.078027] smpboot: APIC(0) Converting physical 0 to logical package 0
[    7.187997] smpboot: Max logical packages: 1
[    7.238288] x2apic enabled
[    7.262083] Switched APIC routing to physical x2apic.
[    7.283543] ..TIMER: vector=0x30 apic1=0 pin1=2 apic2=-1 pin2=-1
[    7.461791] smpboot: CPU0: Intel(R) Core(TM) i7-7700HQ CPU @ 2.80GHz (family: 0x6, model: 0x9e, stepping: 0x9)
[    7.610398] Performance Events: unsupported p6 CPU model 158 no PMU driver, software events only.
[    7.746061] KVM setup paravirtual spinlock
[    7.780602] x86: Booting SMP configuration:
[    7.824414] .... node  #0, CPUs:      #1
[    7.912320] kvm-clock: cpu 1, msr 0:7ffe3041, secondary cpu clock
[    7.964608] mce: CPU supports 0 MCE banks
[    7.972948] x86: Booted up 1 node, 2 CPUs
[    7.981433] smpboot: Total of 2 processors activated (11232.00 BogoMIPS)
[    8.006653] devtmpfs: initialized
[    8.027647] evm: security.selinux
[    8.078042] evm: security.SMACK64
[    8.139952] evm: security.SMACK64EXEC
[    8.181866] evm: security.SMACK64TRANSMUTE
[    8.207787] evm: security.SMACK64MMAP
[    8.245507] evm: security.ima
[    8.258818] evm: security.capability
[    8.282037] clocksource: jiffies: mask: 0xffffffff max_cycles: 0xffffffff, max_idle_ns: 7645041785100000 ns
[    8.368023] futex hash table entries: 512 (order: 3, 32768 bytes)
[    8.398367] pinctrl core: initialized pinctrl subsystem
[    8.399333] RTC time: 22:57:21, date: 05/05/18
[    8.400213] NET: Registered protocol family 16
[    8.410654] cpuidle: using governor ladder
[    8.422996] cpuidle: using governor menu
[    8.425642] PCCT header not found.
[    8.426337] ACPI: bus type PCI registered
[    8.427035] acpiphp: ACPI Hot Plug PCI Controller Driver version: 0.5
[    8.466087] PCI: Using configuration type 1 for base access
[    8.547628] ACPI: Added _OSI(Module Device)
[    8.566981] ACPI: Added _OSI(Processor Device)
[    8.567842] ACPI: Added _OSI(3.0 _SCP Extensions)
[    8.630239] ACPI: Added _OSI(Processor Aggregator Device)
[    8.649754] ACPI: Executed 1 blocks of module-level executable AML code
[    8.743926] ACPI: Interpreter enabled
[    8.789380] ACPI: (supports S0 S5)
[    8.796399] ACPI: Using IOAPIC for interrupt routing
[    8.846048] PCI: Using host bridge windows from ACPI; if necessary, use "pci=nocrs" and report a bug
[    8.883350] ACPI: PCI Root Bridge [PCI0] (domain 0000 [bus 00-ff])
[    8.918597] acpi PNP0A03:00: _OSC: OS supports [ASPM ClockPM Segments MSI]
[    8.978621] acpi PNP0A03:00: _OSC: not requesting OS control; OS requires [ExtendedConfig ASPM ClockPM MSI]
[    9.150460] acpi PNP0A03:00: fail to add MMCONFIG information, can't access extended PCI configuration space under this bridge.
[    9.286859] PCI host bridge to bus 0000:00
[    9.341611] pci_bus 0000:00: root bus resource [io  0x0000-0x0cf7 window]
[    9.414690] pci_bus 0000:00: root bus resource [io  0x0d00-0xffff window]
[    9.415702] pci_bus 0000:00: root bus resource [mem 0x000a0000-0x000bffff window]
[    9.416985] pci_bus 0000:00: root bus resource [mem 0x80000000-0xfdffffff window]
[    9.442115] pci_bus 0000:00: root bus resource [bus 00-ff]
[    9.465736] pci 0000:00:01.1: legacy IDE quirk: reg 0x10: [io  0x01f0-0x01f7]
[    9.480479] pci 0000:00:01.1: legacy IDE quirk: reg 0x14: [io  0x03f6]
[    9.541084] pci 0000:00:01.1: legacy IDE quirk: reg 0x18: [io  0x0170-0x0177]
[    9.630352] pci 0000:00:01.1: legacy IDE quirk: reg 0x1c: [io  0x0376]
[    9.713006] pci 0000:00:07.0: quirk: [io  0x4000-0x403f] claimed by PIIX4 ACPI
[    9.746732] pci 0000:00:07.0: quirk: [io  0x4100-0x410f] claimed by PIIX4 SMB
[    9.808443] ACPI: PCI Interrupt Link [LNKA] (IRQs 5 9 10 *11)
[    9.852130] ACPI: PCI Interrupt Link [LNKB] (IRQs 5 9 *10 11)
[    9.942350] ACPI: PCI Interrupt Link [LNKC] (IRQs 5 *9 10 11)
[   10.047054] ACPI: PCI Interrupt Link [LNKD] (IRQs 5 9 10 *11)
[   10.075027] ACPI: Enabled 2 GPEs in block 00 to 07
[   10.170235] vgaarb: setting as boot device: PCI:0000:00:02.0
[   10.213848] vgaarb: device added: PCI:0000:00:02.0,decodes=io+mem,owns=io+mem,locks=none
[   10.239474] vgaarb: loaded
[   10.250119] vgaarb: bridge control possible 0000:00:02.0
[   10.281954] SCSI subsystem initialized
[   10.283319] ACPI: bus type USB registered
[   10.335683] usbcore: registered new interface driver usbfs
[   10.419926] usbcore: registered new interface driver hub
[   10.494947] usbcore: registered new device driver usb
[   10.519115] PCI: Using ACPI for IRQ routing
[   10.526114] NetLabel: Initializing
[   10.526788] NetLabel:  domain hash size = 128
[   10.527643] NetLabel:  protocols = UNLABELED CIPSOv4
[   10.528594] NetLabel:  unlabeled traffic allowed by default
[   10.529766] amd_nb: Cannot enumerate AMD northbridges
[   10.531137] clocksource: Switched to clocksource kvm-clock
[   10.538084] AppArm: ppArmor leystemnaed[   10.872365] pnp: P ACPIni
  1.0656] pnp: PnP ACPI: fnd 3 devices

[   11.206215] clocksource: acpi_pm: mask: 0xffffff max_cycles: 0xffffff, max_idle_ns: 2085701024 ns
[   11.253170] NET: Registered protocol family 2
[   11.265306] TCP established hash table entries: 16384 (order: 5, 131072 bytes)
[   11.272530] TCP bind hash table entries: 16384 (order: 6, 262144 bytes)
[   11.314462] TCP: Hash tables configured (established 16384 bind 16384)
[   11.327572] UDP hash table entries: 1024 (order: 3, 32768 bytes)
[   11.378570] UDP-Lite hash table entries: 1024 (order: 3, 32768 bytes)
[   11.417328] NET: Registered protocol family 1
[   11.445980] pci 0000:00:00.0: Limiting direct PCI/PCI transfers
[   11.446946] pci 0000:00:01.0: Activating ISA DMA hang workarounds
[   11.454998] Unpacking initramfs...
[   11.686022] Freeing initrd memory: 15344K
[   11.720312] platform rtc_cmos: registered platform RTC device (no PNP device found)
[   11.772941] Scanning for low memory corruption every 60 seconds
[   11.851933] audit: initializing netlink subsys (disabled)
[   11.854408] audit: type=2000 audit(1525561040.200:1): initialized
[   11.861830] Initialise system trusted keyring
[   11.882333] HugeTLB registered 2 MB page size, pre-allocated 0 pages
[   11.886089] zbud: loaded
[   11.887605] VFS: Disk quotas dquot_6.6.0
[   11.889114] VFS: Dquot-cache hash table entries: 512 (order 0, 4096 bytes)
[   11.891090] squashfs: version 4.0 (2009/01/31) Phillip Lougher
[   11.893437] fuse init (API version 7.23)
[   11.894874] Key type big_key registered
[   11.896168] Allocating IMA MOK and blacklist keyrings.
[   11.920334] Key type asymmetric registered
[   11.934469] Asymmetric key parser 'x509' registered
[   11.935624] Block layer SCSI generic (bsg) driver version 0.4 loaded (major 249)
[   11.971348] io scheduler noop registered
[   11.987514] io scheduler deadline registered (default)
[   11.988368] io scheduler cfq registered
[   11.989156] pci_hotplug: PCI Hot Plug PCI Core version: 0.5
[   11.990069] pciehp: PCI Express Hot Plug Controller Driver version: 0.4
[   11.991183] ACPI: AC Adapter [AC] (on-line)
[   11.992052] input: Power Button as /devices/LNXSYSTM:00/LNXPWRBN:00/input/input0
[   11.993355] ACPI: Power Button [PWRF]
[   11.994154] input: Sleep Button as /devices/LNXSYSTM:00/LNXSLPBN:00/input/input1
[   11.995455] ACPI: Sleep Button [SLPF]
[   11.996543] GHES: HEST is not enabled!
[   11.997316] ACPI: Battery Slot [BAT0] (battery present)
[   12.017338] Serial: 8250/16550 driver, 32 ports, IRQ sharing enabled
[   12.047863] 00:02: ttyS0 at I/O 0x3f8 (irq = 4, base_baud = 115200) is a 16550A
[   12.059345] Linux agpgart interface v0.103
[   12.061778] loop: module loaded
[   12.063401] scsi host0: ata_piix
[   12.064531] scsi host1: ata_piix
[   12.065640] ata1: PATA max UDMA/33 cmd 0x1f0 ctl 0x3f6 bmdma 0xd000 irq 14
[   12.073336] ata2: PATA max UDMA/33 cmd 0x170 ctl 0x376 bmdma 0xd008 irq 15
[   12.074908] libphy: Fixed MDIO Bus: probed
[   12.075661] tun: Universal TUN/TAP device driver, 1.6
[   12.076475] tun: (C) 1999-2004 Max Krasnyansky <maxk@qualcomm.com>
[   12.077633] PPP generic driver version 2.4.2
[   12.078409] ehci_hcd: USB 2.0 'Enhanced' Host Controller (EHCI) Driver
[   12.079598] ehci-pci: EHCI PCI platform driver
[   12.080331] ehci-platform: EHCI generic platform driver
[   12.081185] ohci_hcd: USB 1.1 'Open' Host Controller (OHCI) Driver
[   12.082279] ohci-pci: OHCI PCI platform driver
[   12.083236] ohci-platform: OHCI generic platform driver
[   12.090218] uhci_hcd: USB Universal Host Controller Interface driver
[   12.091517] i8042: PNP: PS/2 Controller [PNP0303:PS2K,PNP0f03:PS2M] at 0x60,0x64 irq 1,12
[   12.093993] serio: i8042 KBD port at 0x60,0x64 irq 1
[   12.094842] serio: i8042 AUX port at 0x60,0x64 irq 12
[   12.095868] mousedev: PS/2 mouse device common for all mice
[   12.097372] input: AT Translated Set 2 keyboard as /devices/platform/i8042/serio0/input/input2
[   12.099330] rtc_cmos rtc_cmos: rtc core: registered rtc_cmos as rtc0
[   12.100930] rtc_cmos rtc_cmos: alarms up to one day, 114 bytes nvram
[   12.108842] i2c /dev entries driver
[   12.109565] device-mapper: uevent: version 1.0.3
[   12.110454] device-mapper: ioctl: 4.34.0-ioctl (2015-10-28) initialised: dm-devel@redhat.com
[   12.112072] ledtrig-cpu: registered to indicate activity on CPUs
[   12.113626] NET: Registered protocol family 10
[   12.114539] NET: Registered protocol family 17
[   12.121680] Key type dns_resolver registered
[   12.123103] registered taskstats version 1
[   12.123930] Loading compiled-in X.509 certificates
[   12.125208] Loaded X.509 cert 'Build time autogenerated kernel key: eb3f78ccfd14bc84ef58e051a28e8b7731c2f6e2'
[   12.126745] zswap: loaded using pool lzo/zbud
[   12.129221] Key type trusted registered
[   12.133011] Key type encrypted registered
[   12.133776] AppArmor: AppArmor sha1 policy hashing enabled
[   12.134626] ima: No TPM chip found, activating TPM-bypass!
[   12.135528] evm: HMAC attrs: 0x1
[   12.136384]   Magic number: 2:147:1007
[   12.137155] rtc_cmos rtc_cmos: setting system clock to 2018-05-05 22:57:25 UTC (1525561045)
[   12.138629] BIOS EDD facility v0.16 2004-Jun-25, 0 devices found
[   12.139565] EDD information not available.
[   12.228062] Freeing unused kernel memory: 1508K
[   12.269790] Write protecting the kernel read-only data: 14336k
[   12.271374] Freeing unused kernel memory: 1696K
[   12.283244] Freeing unused kernel memory: 100K
Loading, please [   12.321454] random: systemd-udevd: uninitialized urandom read (16 bytes read, 5 bits of entropy available)
wait...
starting version 229
[   12.322398] random: udevadm: uninitialized urandom read (16 bytes read, 5 bits of entropy available)
[   12.322457] random: udevadm: uninitialized urandom read (16 bytes read, 5 bits of entropy available)
[   12.329615] random: udevadm: uninitialized urandom read (16 bytes read, 5 bits of entropy available)
[   12.329647] random: udevadm: uninitialized urandom read (16 bytes read, 5 bits of entropy available)
[   12.329745] random: udevadm: uninitialized urandom read (16 bytes read, 5 bits of entropy available)
[   12.329780] random: udevadm: uninitialized urandom read (16 bytes read, 5 bits of entropy available)
[   12.329814] random: udevadm: uninitialized urandom read (16 bytes read, 5 bits of entropy available)
[   12.329850] random: udevadm: uninitialized urandom read (16 bytes read, 5 bits of entropy available)
[   12.329884] random: udevadm: uninitialized urandom read (16 bytes read, 5 bits of entropy available)
[   12.671409] e1000: Intel(R) PRO/1000 Network Driver - version 7.3.21-k8-NAPI
[   12.679935] e1000: Copyright (c) 1999-2006 Intel Corporation.
[   12.688494] Fusion MPT base driver 3.04.20
[   12.700016] Copyright (c) 1999-2008 LSI Corporation
[   12.710751] Fusion MPT SPI Host driver 3.04.20
[   12.719479] tsc: Refined TSC clocksource calibration: 2809.531 MHz
[   12.723510] clocksource: tsc: mask: 0xffffffffffffffff max_cycles: 0x287f6c9f485, max_idle_ns: 440795345589 ns
[   12.731047] AVX2 version of gcm_enc/dec engaged.
[   12.731814] AES CTR mode by8 optimization enabled
[   12.904669] input: ImExPS/2 Generic Explorer Mouse as /devices/platform/i8042/serio1/input/input4
[   13.067443] e1000 0000:00:03.0 eth0: (PCI:33MHz:32-bit) 02:24:97:69:54:5f
[   13.151124] e1000 0000:00:03.0 eth0: Intel(R) PRO/1000 Network Connection
[   13.152829] mptbase: ioc0: Initiating bringup
[   13.153026] e1000 0000:00:03.0 enp0s3: renamed from eth0
[   13.629088] ioc0: LSI53C1030 A0: Capabilities={Initiator}
[   14.279043] scsi host2: ioc0: LSI53C1030 A0, FwRev=00000000h, Ports=1, MaxQ=256, IRQ=20
[   14.644191] scsi 2:0:0:0: Direct-Access     VBOX     HARDDISK         1.0  PQ: 0 ANSI: 5
[   14.659540] scsi target2:0:0: Beginning Domain Validation
[   14.663125] scsi target2:0:0: Domain Validation skipping write tests
[   14.679554] scsi target2:0:0: Ending Domain Validation
[   14.681765] scsi target2:0:0: asynchronous
[   14.683870] scsi 2:0:1:0: Direct-Access     VBOX     HARDDISK         1.0  PQ: 0 ANSI: 5
[   14.890017] scsi target2:0:1: Beginning Domain Validation
[   14.946393] scsi target2:0:1: Domain Validation skipping write tests
[   15.794951] scsi target2:0:1: Ending Domain Validation
[   15.813071] scsi target2:0:1: asynchronous
[   15.829462] sd 2:0:0:0: Attached scsi generic sg0 type 0
[   15.912093] sd 2:0:0:0: [sda] 20971520 512-byte logical blocks: (10.7 GB/10.0 GiB)
[   15.944292] sd 2:0:1:0: Attached scsi generic sg1 type 0
[   15.944415] sd 2:0:1:0: [sdb] 20480 512-byte logical blocks: (10.5 MB/10.0 MiB)
[   15.944641] sd 2:0:1:0: [sdb] Write Protect is off
[   15.944761] sd 2:0:1:0: [sdb] Incomplete mode parameter data
[   15.944762] sd 2:0:1:0: [sdb] Assuming drive cache: write through
[   15.948114] sd 2:0:1:0: [sdb] Attached SCSI disk
[   15.966257] sd 2:0:0:0: [sda] Write Protect is off
[   15.966551] sd 2:0:0:0: [sda] Incomplete mode parameter data
[   15.966554] sd 2:0:0:0: [sda] Assuming drive cache: write through
[   15.968592]  sda: sda1
[   15.970005] sd 2:0:0:0: [sda] Attached SCSI disk
Begin: Loading e[   17.459329] md: linear personality registered for level -1
ssential drivers ... [   17.494179] md: multipath personality registered for level -4
[   17.529652] md: raid0 personality registered for level 0
[   17.627983] md: raid1 personality registered for level 1
[   17.699509] raid6: sse2x1   gen() 10115 MB/s
[   17.803420] raid6: sse2x1   xor()  7715 MB/s
[   17.871222] raid6: sse2x2   gen() 12990 MB/s
[   17.939351] raid6: sse2x2   xor()  7078 MB/s
[   18.007483] raid6: sse2x4   gen() 12839 MB/s
[   18.087227] raid6: sse2x4   xor()  9663 MB/s
[   18.247242] raid6: avx2x1   gen() 20677 MB/s
[   18.339539] raid6: avx2x2   gen() 22572 MB/s
[   18.407186] raid6: avx2x4   gen() 24520 MB/s
[   18.469672] raid6: using algorithm avx2x4 gen() 24520 MB/s
[   18.544053] raid6: using avx2x2 recovery algorithm
[   18.546194] xor: automatically using best checksumming function:
[   18.591203]    avx       : 16235.000 MB/sec
[   18.631606] async_tx: api initialized (async)
[   18.669592] md: raid6 personality registered for level 6
[   18.703876] md: raid5 personality registered for level 5
[   18.704705] md: raid4 personality registered for level 4
[   18.713985] md: raid10 personality registered for level 10
done.
Begin: Running /scripts/init-premount ... done.
Begin: Mounting root file[   18.764588] Btrfs loaded
 system ... Begin: Running /scripts/local-top ... done.
Begin: Running /scripts/local-premount ... Scanning for Btrfs filesystems
done.
Warning: fsck not present, so skipping root file system
[   18.803818] EXT4-fs (sda1): INFO: recovery required on readonly filesystem
[   18.804807] EXT4-fs (sda1): write access will be enabled during recovery
[   18.876707] EXT4-fs (sda1): recovery complete
[   18.877669] EXT4-fs (sda1): mounted filesystem with ordered data mode. Opts: (null)
done.
Begin: Running /scripts/local-bottom ... done.
Begin: Running /scripts/init-bottom ... done.
[   18.963329] systemd[1]: systemd 229 running in system mode. (+PAM +AUDIT +SELINUX +IMA +APPARMOR +SMACK +SYSVINIT +UTMP +LIBCRYPTSETUP +GCRYPT +GNUTLS +ACL +XZ -LZ4 +SECCOMP +BLKID +ELFUTILS +KMOD -IDN)
[   18.966312] systemd[1]: Detected virtualization oracle.
[   18.968639] systemd[1]: Detected architecture x86-64.

Welcome to [1mUbuntu 16.04.4 LTS[0m!

[   18.982623] systemd[1]: Set hostname to <pimpbox>.
[   19.047159] systemd-sysv-generator[356]: stat() failed on /etc/init.d/mongod, ignoring: No such file or directory
[   19.086573] random: nonblocking pool is initialized
[   19.157425] systemd[1]: Listening on Syslog Socket.
[[0;32m  OK  [0m] Listening on Syslog Socket.
[   19.159756] systemd[1]: Started Trigger resolvconf update for networkd DNS.
[[0;32m  OK  [0m] Started Trigger resolvconf update for networkd DNS.
[   19.255798] systemd[1]: Reached target System Time Synchronized.
[[0;32m  OK  [0m] Reached target System Time Synchronized.
[   19.303945] systemd[1]: Reached target Encrypted Volumes.
[[0;32m  OK  [0m] Reached target Encrypted Volumes.
[   19.347465] systemd[1]: Listening on Journal Socket.
[[0;32m  OK  [0m] Listening on Journal Socket.
[   19.383812] systemd[1]: Listening on LVM2 metadata daemon socket.
[[0;32m  OK  [0m] Listening on LVM2 metadata daemon socket.
[   19.415282] systemd[1]: Set up automount Arbitrary Executable File Formats File System Automount Point.
[[0;32m  OK  [0m] Set up automount Arbitrary Executab...ats File System Automount Point.
[   19.431795] systemd[1]: Reached target User and Group Name Lookups.
[[0;32m  OK  [0m] Reached target User and Group Name Lookups.
[   19.459639] systemd[1]: Started Forward Password Requests to Wall Directory Watch.
[[0;32m  OK  [0m] Started Forward Password Requests to Wall Directory Watch.
[   19.535606] systemd[1]: Created slice System Slice.
[[0;32m  OK  [0m] Created slice System Slice.
[   19.591344] systemd[1]: Mounting RPC Pipe File System...
         Mountin[   19.614001] RPC: Registered named UNIX socket transport module.
g RPC Pipe File [   19.703942] RPC: Registered udp transport module.
System...
[   19.742860] RPC: Registered tcp transport module.
[   19.859312] RPC: Registered tcp NFSv4.1 backchannel transport module.
[   19.859680] systemd[1]: Mounting Huge Pages File System...
         Mounting Huge Pages File System...
[   19.999765] systemd[1]: Starting Nameserver information manager...
         Starting Nameserver information manager...
[   20.090594] systemd[1]: Mounting POSIX Message Queue File System...
         Mounting POSIX Message Queue File System...
[   20.100489] systemd[1]: Starting Create list of required static device nodes for the current kernel...
         Starting Create list of required st... nodes for the current kernel...
[   20.135333] systemd[1]: Starting Uncomplicated firewall...
         Starting Uncomplicated firewall...
[   0.37] std[]:Crte sce systm-eriax2gey.slic.

[[0;32m  OK  [0m] Created slice system-serial\x2dgetty.slice.
[   20.807659] systemd[1]: Starting Remount Root and Kernel File Systems...
         Starting Remount Root and Kernel File Systems...
[   20.817561] systemd[1]: Starting Set console keymap...
         [   20.819292] EXT4-fs (sda1): re-mounted. Opts: (null)
Starting Set console keymap...
[   20.820829] systemd[1]: Listening on udev Control Socket.
[[0;32m  OK  [0m] Listening on udev Control Socket.
[   20.867487] systemd[1]: Listening on Journal Audit Socket.
[[0;32m  OK  [0m] Listening on Journal Audit Socket.
[   20.884359] systemd[1]: Created slice User and Session Slice.
[[0;32m  OK  [0m] Created slice User and Session Slice.
[   20.886415] systemd[1]: Listening on Device-mapper event daemon FIFOs.
[[0;32m  OK  [0m] Listening on Device-mapper event daemon FIFOs.
[   20.907516] systemd[1]: Starting Monitoring of LVM2 mirrors, snapshots etc. using dmeventd or progress polling...
         Starting Monitoring of LVM2 mirrors... dmeventd or progress polling...
[   20.990510] systemd[1]: Liseng on Jrnal Socket (/dev/log).

[[0;32m  OK  [0m] Listening on Journal Socket (/dev/log).
[   21.215303] systemd[1]: Starting Journal Service...
         Starting Journal Service...
[  23340 stemd[1: istening on udev Kernel Socket.

[[0;32m  OK  [0m] Listening on udev Kernel Socket.
[   21.585698] systemd[1]: Reached target Swap.
[[0;32m  OK  [0m] Reached target Swap.
[   2.619725] systemd[1]: Reached target Slices.
[[0;32m  OK  [0m] Reached target Slices.
[   21.772807] systemd[1]: Listening on LVM2 poll daemon socket.
[[0;32m  OK  [0m] Listening on LVM2 poll daemon socket.
[   21.851425] systemd[1]: Mounting Debug File System...
         Mounting Debug File System...
[   21.941381] systemd[1]: Starting Load Kernel Modules...
         Starting Load Ke[   21.995163] Loading iSCSI transport class v2.0-870.
rnel Modules...
[   22.007070] systemd[1]: Listening on /dev/initctl Compatibility Named Pipe.
[[0;32m  OK  [0m] Listening on /de[   22.113154] iscsi: registered transport (tcp)
v/initctl Compatibility Named Pipe.
[   22.202372] iscsi: registered transport (iser)
[   22.216110] systemd[1]: Mounted RPC Pipe File System.
[[0;32m  OK  [0m] Mounted RPC Pipe File System.
[   22.225614] systemd[1]: Mounted POSIX Message Queue File System.
[[0;32m  OK  [0m] Mounted POSIX Message Queue File System.
[   22.243842] ste[1 Moueduge Pag Fe yste.
[[0;32m  OK  [0m] Mounted Huge Pages File System.
[   22.745912] systemd[1]: Mounted Debug File System.
[[0;32m  OK  [0m] Mounted Debug File System.
[ 2271505] stemd[: ard url Sevie.

[[0;32m  OK  [0m] Started Journal Service.
[[0;32m  OK  [0m] Started Create list of required sta...ce nodes for the current kernel.
[[0;32m  OK  [0m] Started Uncomplicated firewall.
[[0;32m  OK  [0m] Started Remount Root and Kernel File Systems.
[[0;32m  OK  [0m] Started Set console keymap.
[[0;32m  OK  [0m] Started Load Kernel Modules.
[[0;32m  OK  [0m] Started Nameserver information manager.
[[0;32m  OK  [0m] Started LVM2 metadata daemon.
         Starting Apply Kernel Variables...
         Mounting FUSE Control File System...
         Starting Initial cloud-init job (pre-networking)...
         Starting Load/Save Random Seed...
         Starting udev Coldplug all Devices...
         Starting Create Static Device Nodes in /dev...
         Starting Flush Journal to Persistent Storage...
[[0;32m  OK  [0m] Mounted FUSE Control File System.
[[0;32m  OK  [0m] Started Apply Kernel Variables.
[[0;32m  OK  [0m] Started Load/Save Random Seed.
[[0;32m  OK  [0m] Started Create Static Device Nodes in /dev.
[[0;32m  OK  [0m] Started udev Coldplug all Devices.
         Starting udev Kernel Device Manager...
[[0;32m  OK  [0m] Started Flush Journal to Persistent Storage.
[[0;32m  OK  [0m] Started udev Kernel Device Manager.
[[0;32m  OK  [0m] Started Dispatch Password Requests to Console Directory Watch.
[[0;32m  OK  [0m] Started Monitoring of LVM2 mirrors,...ng dmeventd or progress polling.
[[0;32m  OK  [0m] Reached target Local File Systems (Pre).
[[0;32m  OK  [0m] Reached target Local File Systems.
         Starting LSB: AppArmor initialization...
         Starting Create Volatile Files and Directories...
         Starting Preprocess NFS configuration...
         Starting Set console font and keymap...
         Starting Tell Plymouth To Write Out Runtime Data...
[[0;32m  OK  [0m] Started Create Volatile Files and Directories.
[[0;32m  OK  [0m] Started Preprocess NFS configuration.
[[0;32m  OK  [0m] Started Tell Plymouth To Write Out Runtime Data.
[[0;32m  OK  [0m] Found device /dev/ttyS0.
[[0;32m  OK  [0m] Reached target NFS client services.
         Starting Update UTMP about System Boot/Shutdown...
[[0;32m  OK  [0m] Started LSB: AppArmor initialization.
[[0;32m  OK  [0m] Listening on Load/Save RF Kill Switch Status /dev/rfkill Watch.
[   14.733581] cloud-init[457]: Cloud-init v. 18.2 running 'init-local' at Sat, 05 May 2018 22:57:37 +0000. Up 14.38 seconds.
[[0;32m  OK  [0m] Started Update UTMP about System Boot/Shutdown.
[[0;32m  OK  [0m] Started Initial cloud-init job (pre-networking).
[[0;32m  OK  [0m] Found device 82540EM Gigabit Ethern...r (PRO/1000 MT Desktop Adapter).
[[0;32m  OK  [0m] Reached target Network (Pre).
         Starting Raise network interfaces...
[[0;32m  OK  [0m] Started ifup for enp0s3.
[[0;32m  OK  [0m] Started Set console font and keymap.
[[0;32m  OK  [0m] Created slice system-getty.slice.
[[0;32m  OK  [0m] Started Raise network interfaces.
[[0;32m  OK  [0m] Reached target Network.
         Starting Initial cloud-init job (metadata service crawler)...
[   15.931259] cloud-init[967]: Cloud-init v. 18.2 running 'init' at Sat, 05 May 2018 22:57:38 +0000. Up 15.70 seconds.
[[0;32m  OK  [0m] Started Initial cloud-init job (metadata service crawler).
[[   16.018570] cloud-init[967]: ci-info: +++++++++++++++++++++++++++++++++++++Net device info++++++++++++++++++++++++++++++++++++++
[   16.117517] cloud-init[967]: ci-info: +--------+------+----------------------------+---------------+-------+-------------------+
[   16.117615] cloud-init[967]: ci-info: | Device |  Up  |          Address           |      Mask     | Scope |     Hw-Address    |
[   16.117726] cloud-init[967]: ci-info: +--------+------+----------------------------+---------------+-------+-------------------+
[   16.117845] cloud-init[967]: ci-info: | enp0s3 | True |         10.0.2.15          | 255.255.255.0 |   .   | 02:24:97:69:54:5f |
[   16.117969] cloud-init[967]: ci-info: | enp0s3 | True | fe80::24:97ff:fe69:545f/64 |       .       |  link | 02:24:97:69:54:5f |
[   16.118099] cloud-init[967]: ci-info: |   lo   | True |         127.0.0.1          |   255.0.0.0   |   .   |         .         |
[   16.118216] cloud-init[967]: ci-info: |   lo   | True |          ::1/128           |       .       |  host |         .         |
[   16.118341] cloud-init[967]: ci-info: +--------+------+----------------------------+---------------+-------+-------------------+
[   16.118466] cloud-init[967]: ci-info: +++++++++++++++++++++++++++Route IPv4 info++++++++++++++++++++++++++++
[0;32m  OK  [0m] Reached target System Initialization.
[   16.118676] cloud-init[967]: ci-info: +-------+-------------+----------+---------------+-----------+-------+
         Starting LXD - unix socket.
[   16.357595] cloud-init[967]: ci-info: | Route | Destination | Gateway  |    Genmask    | Interface | Flags |
[   16.380987] cloud-init[967]: ci-info: +-------+-------------+----------+---------------+-----------+-------+
[   16.381382] cloud-init[967]: ci-info: |   0   |   0.0.0.0   | 10.0.2.2 |    0.0.0.0    |   enp0s3  |   UG  |
[   16.381574] cloud-init[967]: ci-info: |   1   |   10.0.2.0  | 0.0.0.0  | 255.255.255.0 |   enp0s3  |   U   |
[   16.381797] cloud-init[967]: ci-info: +-------+-------------+----------+---------------+-----------+-------+
[[0;32m  OK  [0m] Started ACPI Events Check.
[[0;32m  OK  [0m] Reached target Paths.
[[0;32m  OK  [0m] Listening on UUID daemon activation socket.
[[0;32m  OK  [0m] Started Daily Cleanup of Temporary Directories.
         Starting Socket activation for snappy daemon.
[[0;32m  OK  [0m] Started Daily apt download activities.
[[0;32m  OK  [0m] Started Daily apt upgrade and clean activities.
[[0;32m  OK  [0m] Listening on RPCbind Server Activation Socket.
[[0;32m  OK  [0m] Listening on ACPID Listen Socket.
[[0;32m  OK  [0m] Reached target Timers.
[[0;32m  OK  [0m] Listening on D-Bus System Message Bus Socket.
[[0;32m  OK  [0m] Reached target Network is Online.
         Starting iSCSI initiator daemon (iscsid)...
[[0;32m  OK  [0m] Reached target Cloud-config availability.
[[0;32m  OK  [0m] Listening on LXD - unix socket.
[[0;32m  OK  [0m] Listening on Socket activation for snappy daemon.
[[0;32m  OK  [0m] Started iSCSI initiator daemon (iscsid).
         Starting Login to default iSCSI targets...
[[0;32m  OK  [0m] Reached target Sockets.
[[0;32m  OK  [0m] Reached target Basic System.
         Starting Advanced key-value store...
         Starting System Logging Service...
[[0;32m  OK  [0m] Started Deferred execution scheduler.
         Starting Virtualbox guest utils...
         Starting Accounts Service...
[[0;32m  OK  [0m] Started FUSE filesystem for LXC.
         Starting LXD - container startup/shutdown...
         Starting Login Service...
[[0;32m  OK  [0m] Started D-Bus System Message Bus.
         Starting Snappy daemon...
         Starting LSB: Record successful boot for GRUB...
[[0;32m  OK  [0m] Started ACPI event daemon.
[[0;32m  OK  [0m] Started Unattended Upgrades Shutdown.
         Starting /etc/rc.local Compatibility...
         Starting LSB: MD monitoring daemon...
[[0;32m  OK  [0m] Started Regular background program processing daemon.
         Starting OpenBSD Secure Shell server...
         Starting Apply the settings specified in cloud-config...
[[0;32m  OK  [0m] Started System Logging Service.
[[0;32m  OK  [0m] Started OpenBSD Secure Shell server.
[[0;32m  OK  [0m] Started LXD - container startup/shutdown.
[[0;32m  OK  [0m] Started /etc/rc.local Compatibility.
[[0;32m  OK  [0m] Started Snappy daemon.
[[0;32m  OK  [0m] Started Advanced key-value store.
[[0;32m  OK  [0m] Started Login to default iSCSI targets.
[[0;32m  OK  [0m] Started LSB: Record successful boot for GRUB.
[[0;32m  OK  [0m] Started LSB: MD monitoring daemon.
[[0;32m  OK  [0m] Started Virtualbox guest utils.
[   17.760445] cloud-init[1087]: Cloud-init v. 18.2 running 'modules:config' at Sat, 05 May 2018 22:57:40 +0000. Up 17.59 seconds.
[[0;32m  OK  [0m] Started Login Service.
         Starting Authenticate and Authorize Users to Run Privileged Tasks...
[[0;32m  OK  [0m] Reached target Remote File Systems (Pre).
[[0;32m  OK  [0m] Reached target Remote File Systems.
         Starting LSB: daemon to balance interrupts for SMP systems...
         Starting Permit User Sessions...
         Starting LSB: automatic crash report generation...
         Starting LSB: Set the CPU Frequency Scaling governor to "ondemand"...
[[0;32m  OK  [0m] Started Apply the settings specified in cloud-config.
[[0;32m  OK  [0m] Started Permit User Sessions.
[[0;32m  OK  [0m] Started Authenticate and Authorize Users to Run Privileged Tasks.
[[0;32m  OK  [0m] Started Accounts Service.
         Starting Terminate Plymouth Boot Screen...
         Starting Hold until boot process finishes up...
[[0;32m  OK  [0m] Started LSB: daemon to balance interrupts for SMP systems.
[[0;32m  OK  [0m] Started LSB: automatic crash report generation.
[[0;32m  OK  [0m] Started LSB: Set the CPU Frequency Scaling governor to "ondemand".
[[0;32m  OK  [0m] Started Terminate Plymouth Boot Screen.
[[0;32m  OK  [0m] Started Hold until boot process finishes up.
         Starting Set console scheme...
[[0;32m  OK  [0m] Started Serial Getty on ttyS0.
[[0;32m  OK  [0m] Started Getty on tty1.
[[0;32m  OK  [0m] Reached target Login Prompts.
[[0;32m  OK  [0m] Reached target Multi-User System.
[[0;32m  OK  [0m] Reached target Graphical Interface.
         Starting Update UTMP about System Runlevel Changes...
         Starting Execute cloud user/final scripts...
[[0;32m  OK  [0m] Started Set console scheme.
[[0;32m  OK  [0m] Started Update UTMP about System Runlevel Changes.
[[0;32m  OK  [0m] Created slice User Slice of vagrant.
[[0;32m  OK  [0m] Started Session 1 of user vagrant.
         Starting User Manager for UID 1000...
[[0;32m  OK  [0m] Started User Manager for UID 1000.
[   19.023976] cloud-init[1210]: Cloud-init v. 18.2 running 'modules:final' at Sat, 05 May 2018 22:57:42 +0000. Up 18.90 seconds.
[   19.054769] cloud-init[1210]: Cloud-init v. 18.2 finished at Sat, 05 May 2018 22:57:42 +0000. Datasource DataSourceNoCloud [seed=/dev/sdb][dsmode=net].  Up 19.01 seconds
[[0;32m  OK  [0m] Started Execute cloud user/final scripts.
[[0;32m  OK  [0m] Reached target Cloud-init target.

Ubuntu 16.04.4 LTS pimpbox ttyS0

pimpbox login: 